[35m[Appium][39m Welcome to Appium v1.22.3
[35m[Appium][39m Non-default server args:
[35m[Appium][39m   port: 57081
[35m[Appium][39m   loglevel: info
[35m[Appium][39m   tmpDir: C:\Users\rilaa\AppData\Local\Temp\\Katalon\Appium\Temp1671479834584
[35m[Appium][39m   chromedriverPort: 57082
[35m[Appium][39m Deprecated server args:
[35m[Appium][39m   [31m--chromedriver-port[39m => --default-capabilities
[35m[Appium][39m Default capabilities, which will be added to each request unless overridden by desired capabilities:
[35m[Appium][39m   chromedriverPort: 57082
[35m[Appium][39m Appium REST http interface listener started on 0.0.0.0:57081
[35m[HTTP][39m [37m-->[39m [37mGET[39m [37m/wd/hub/status[39m
[35m[HTTP][39m [90m{}[39m
[35m[HTTP][39m [37m<-- GET /wd/hub/status [39m[32m200[39m [90m8 ms - 68[39m
[35m[HTTP][39m [90m[39m
[35m[HTTP][39m [37m-->[39m [37mGET[39m [37m/wd/hub/status[39m
[35m[HTTP][39m [90m{}[39m
[35m[HTTP][39m [37m<-- GET /wd/hub/status [39m[32m200[39m [90m1 ms - 68[39m
[35m[HTTP][39m [90m[39m
[35m[HTTP][39m [37m-->[39m [37mPOST[39m [37m/wd/hub/session[39m
[35m[HTTP][39m [90m{"desiredCapabilities":{"appActivity":".Settings","appPackage":"com.android.settings","newCommandTimeout":1800,"platformVersion":"11","automationName":"uiautomator2","autoGrantPermissions":true,"platformName":"Android","udid":"emulator-5554","deviceName":"emulator-5554 (sdk_gphone_x86 - Android 11)","platform":"ANDROID","systemPort":8233},"capabilities":{"firstMatch":[{"appium:appActivity":".Settings","appium:appPackage":"com.android.settings","appium:autoGrantPermissions":true,"appium:automationName":"uiautomator2","appium:deviceName":"emulator-5554 (sdk_gphone_x86 - Android 11)","appium:newCommandTimeout":1800,"platform":"ANDROID","platformName":"android","appium:platformVersion":"11","appium:systemPort":8233,"appium:udid":"emulator-5554"}]}}[39m
[35m[BaseDriver][39m The following capabilities are not standard capabilities and should have an extension prefix:
[35m[BaseDriver][39m   platform
[35m[BaseDriver][39m   chromedriverPort
[35m[Appium][39m Appium v1.22.3 creating new AndroidUiautomator2Driver (v1.70.1) session
[35m[BaseDriver][39m The following capabilities were provided, but are not recognized by Appium:
[35m[BaseDriver][39m   platform
[35m[BaseDriver][39m Session created with session id: 99f5180d-f7e3-4403-8a0b-107e07279bb8
[35m[UiAutomator2][39m Starting 'com.android.settings' directly on the device
[35m[ADB][39m Found 1 'build-tools' folders under 'C:\Users\rilaa\AppData\Local\Android\Sdk' (newest first):
[35m[ADB][39m     C:/Users/rilaa/AppData/Local/Android/Sdk/build-tools/33.0.0
[35m[ADB][39m Using 'adb.exe' from 'C:\Users\rilaa\AppData\Local\Android\Sdk\platform-tools\adb.exe'
[35m[AndroidDriver][39m Retrieving device list
[35m[AndroidDriver][39m Using device: emulator-5554
[35m[ADB][39m Using 'adb.exe' from 'C:\Users\rilaa\AppData\Local\Android\Sdk\platform-tools\adb.exe'
[35m[ADB][39m Getting device platform version
[35m[UiAutomator2][39m Relaxing hidden api policy
[35m[AndroidDriver][39m No app sent in, not parsing package/activity
[35m[ADB][39m Using 'apksigner.jar' from 'C:\Users\rilaa\AppData\Local\Android\Sdk\build-tools\33.0.0\lib\apksigner.jar'
[35m[ADB][39m 'C:\Users\rilaa\AppData\Roaming\npm\node_modules\appium\node_modules\appium-uiautomator2-server\apks\appium-uiautomator2-server-v4.27.0.apk' is signed with the default certificate
[35m[ADB][39m 'C:\Users\rilaa\AppData\Roaming\npm\node_modules\appium\node_modules\appium-uiautomator2-server\apks\appium-uiautomator2-server-debug-androidTest.apk' is signed with the default certificate
[35m[UiAutomator2][39m Server packages are not going to be (re)installed
[35m[ADB][39m Adding packages ["io.appium.settings","io.appium.uiautomator2.server","io.appium.uiautomator2.server.test"] to Doze whitelist
[35m[UiAutomator2][39m Starting UIAutomator2 server 4.27.0
[35m[UiAutomator2][39m Using UIAutomator2 server from 'C:\Users\rilaa\AppData\Roaming\npm\node_modules\appium\node_modules\appium-uiautomator2-server\apks\appium-uiautomator2-server-v4.27.0.apk' and test from 'C:\Users\rilaa\AppData\Roaming\npm\node_modules\appium\node_modules\appium-uiautomator2-server\apks\appium-uiautomator2-server-debug-androidTest.apk'
[35m[UiAutomator2][39m Waiting up to 30000ms for UiAutomator2 to be online...
[35m[WD Proxy][39m socket hang up
[35m[WD Proxy][39m socket hang up
[35m[WD Proxy][39m socket hang up
[35m[WD Proxy][39m socket hang up
[35m[WD Proxy][39m socket hang up
[35m[WD Proxy][39m socket hang up
[35m[WD Proxy][39m socket hang up
[35m[WD Proxy][39m socket hang up
[35m[WD Proxy][39m socket hang up
[35m[WD Proxy][39m Determined the downstream protocol as 'W3C'
[35m[AndroidDriver][39m Screen already unlocked, doing nothing
[35m[UiAutomator2][39m Starting 'com.android.settings/.Settings and waiting for 'com.android.settings/.Settings'
[35m[Appium][39m New AndroidUiautomator2Driver session created successfully, session 99f5180d-f7e3-4403-8a0b-107e07279bb8 added to master session list
[35m[HTTP][39m [37m<-- POST /wd/hub/session [39m[32m200[39m [90m20794 ms - 1184[39m
[35m[HTTP][39m [90m[39m
[35m[HTTP][39m [37m-->[39m [37mGET[39m [37m/wd/hub/session/99f5180d-f7e3-4403-8a0b-107e07279bb8[39m
[35m[HTTP][39m [90m{}[39m
[35m[HTTP][39m [37m<-- GET /wd/hub/session/99f5180d-f7e3-4403-8a0b-107e07279bb8 [39m[32m200[39m [90m47 ms - 1138[39m
[35m[HTTP][39m [90m[39m
[35m[HTTP][39m [37m-->[39m [37mGET[39m [37m/wd/hub/session/99f5180d-f7e3-4403-8a0b-107e07279bb8[39m
[35m[HTTP][39m [90m{}[39m
[35m[HTTP][39m [37m<-- GET /wd/hub/session/99f5180d-f7e3-4403-8a0b-107e07279bb8 [39m[32m200[39m [90m372 ms - 1138[39m
[35m[HTTP][39m [90m[39m
[35m[HTTP][39m [37m-->[39m [37mGET[39m [37m/wd/hub/status[39m
[35m[HTTP][39m [90m{}[39m
[35m[HTTP][39m [37m<-- GET /wd/hub/status [39m[32m200[39m [90m2 ms - 68[39m
[35m[HTTP][39m [90m[39m
[35m[HTTP][39m [37m-->[39m [37mPOST[39m [37m/wd/hub/session/99f5180d-f7e3-4403-8a0b-107e07279bb8/timeouts[39m
[35m[HTTP][39m [90m{"implicit":60000}[39m
[35m[HTTP][39m [37m<-- POST /wd/hub/session/99f5180d-f7e3-4403-8a0b-107e07279bb8/timeouts [39m[32m200[39m [90m6 ms - 14[39m
[35m[HTTP][39m [90m[39m
[35m[HTTP][39m [37m-->[39m [37mGET[39m [37m/wd/hub/session/99f5180d-f7e3-4403-8a0b-107e07279bb8/screenshot[39m
[35m[HTTP][39m [90m{}[39m
[35m[HTTP][39m [37m<-- GET /wd/hub/session/99f5180d-f7e3-4403-8a0b-107e07279bb8/screenshot [39m[32m200[39m [90m1047 ms - 233134[39m
[35m[HTTP][39m [90m[39m
[35m[HTTP][39m [37m-->[39m [37mGET[39m [37m/wd/hub/session/99f5180d-f7e3-4403-8a0b-107e07279bb8/window/rect[39m
[35m[HTTP][39m [90m{}[39m
[35m[HTTP][39m [37m<-- GET /wd/hub/session/99f5180d-f7e3-4403-8a0b-107e07279bb8/window/rect [39m[32m200[39m [90m32 ms - 50[39m
[35m[HTTP][39m [90m[39m
[35m[HTTP][39m [37m-->[39m [37mGET[39m [37m/wd/hub/session/99f5180d-f7e3-4403-8a0b-107e07279bb8/appium/device/system_bars[39m
[35m[HTTP][39m [90m{}[39m
[35m[HTTP][39m [37m<-- GET /wd/hub/session/99f5180d-f7e3-4403-8a0b-107e07279bb8/appium/device/system_bars [39m[32m200[39m [90m316 ms - 148[39m
[35m[HTTP][39m [90m[39m
[35m[HTTP][39m [37m-->[39m [37mPOST[39m [37m/wd/hub/session/99f5180d-f7e3-4403-8a0b-107e07279bb8/appium/device/activate_app[39m
[35m[HTTP][39m [90m{"bundleId":"com.example.agent_mobile_app"}[39m
[35m[HTTP][39m [37m<-- POST /wd/hub/session/99f5180d-f7e3-4403-8a0b-107e07279bb8/appium/device/activate_app [39m[32m200[39m [90m1931 ms - 14[39m
[35m[HTTP][39m [90m[39m
[35m[HTTP][39m [37m-->[39m [37mGET[39m [37m/wd/hub/session/99f5180d-f7e3-4403-8a0b-107e07279bb8/source[39m
[35m[HTTP][39m [90m{}[39m
[35m[W3C (99f5180d)][39m Driver proxy active, passing request on via HTTP proxy
[35m[WD Proxy][39m Replacing sessionId 8ef0259a-b977-46b6-b8ff-2731503cb895 with 99f5180d-f7e3-4403-8a0b-107e07279bb8
[35m[HTTP][39m [37m<-- GET /wd/hub/session/99f5180d-f7e3-4403-8a0b-107e07279bb8/source [39m[32m200[39m [90m833 ms - 13676[39m
[35m[HTTP][39m [90m[39m
[35m[HTTP][39m [37m-->[39m [37mGET[39m [37m/wd/hub/session/99f5180d-f7e3-4403-8a0b-107e07279bb8/screenshot[39m
[35m[HTTP][39m [90m{}[39m
[35m[HTTP][39m [37m<-- GET /wd/hub/session/99f5180d-f7e3-4403-8a0b-107e07279bb8/screenshot [39m[32m200[39m [90m991 ms - 196470[39m
[35m[HTTP][39m [90m[39m
[35m[HTTP][39m [37m-->[39m [37mGET[39m [37m/wd/hub/session/99f5180d-f7e3-4403-8a0b-107e07279bb8/source[39m
[35m[HTTP][39m [90m{}[39m
[35m[W3C (99f5180d)][39m Driver proxy active, passing request on via HTTP proxy
[35m[WD Proxy][39m Replacing sessionId 8ef0259a-b977-46b6-b8ff-2731503cb895 with 99f5180d-f7e3-4403-8a0b-107e07279bb8
[35m[HTTP][39m [37m<-- GET /wd/hub/session/99f5180d-f7e3-4403-8a0b-107e07279bb8/source [39m[32m200[39m [90m67 ms - 13676[39m
[35m[HTTP][39m [90m[39m
[35m[HTTP][39m [37m-->[39m [37mGET[39m [37m/wd/hub/session/99f5180d-f7e3-4403-8a0b-107e07279bb8/screenshot[39m
[35m[HTTP][39m [90m{}[39m
[35m[HTTP][39m [37m<-- GET /wd/hub/session/99f5180d-f7e3-4403-8a0b-107e07279bb8/screenshot [39m[32m200[39m [90m575 ms - 196482[39m
[35m[HTTP][39m [90m[39m
[35m[HTTP][39m [37m-->[39m [37mGET[39m [37m/wd/hub/session/99f5180d-f7e3-4403-8a0b-107e07279bb8/source[39m
[35m[HTTP][39m [90m{}[39m
[35m[W3C (99f5180d)][39m Driver proxy active, passing request on via HTTP proxy
[35m[WD Proxy][39m Replacing sessionId 8ef0259a-b977-46b6-b8ff-2731503cb895 with 99f5180d-f7e3-4403-8a0b-107e07279bb8
[35m[HTTP][39m [37m<-- GET /wd/hub/session/99f5180d-f7e3-4403-8a0b-107e07279bb8/source [39m[32m200[39m [90m78 ms - 13676[39m
[35m[HTTP][39m [90m[39m
[35m[HTTP][39m [37m-->[39m [37mGET[39m [37m/wd/hub/session/99f5180d-f7e3-4403-8a0b-107e07279bb8/screenshot[39m
[35m[HTTP][39m [90m{}[39m
[35m[HTTP][39m [37m<-- GET /wd/hub/session/99f5180d-f7e3-4403-8a0b-107e07279bb8/screenshot [39m[32m200[39m [90m628 ms - 197106[39m
[35m[HTTP][39m [90m[39m
[35m[HTTP][39m [37m-->[39m [37mPOST[39m [37m/wd/hub/session/99f5180d-f7e3-4403-8a0b-107e07279bb8/elements[39m
[35m[HTTP][39m [90m{"using":"xpath","value":"//*[@class = 'android.widget.Button' and @resource-id = '' and (@text = '' or . = '')]"}[39m
[35m[HTTP][39m [37m<-- POST /wd/hub/session/99f5180d-f7e3-4403-8a0b-107e07279bb8/elements [39m[32m200[39m [90m643 ms - 139[39m
[35m[HTTP][39m [90m[39m
[35m[HTTP][39m [37m-->[39m [37mGET[39m [37m/wd/hub/session/99f5180d-f7e3-4403-8a0b-107e07279bb8/window/rect[39m
[35m[HTTP][39m [90m{}[39m
[35m[HTTP][39m [37m<-- GET /wd/hub/session/99f5180d-f7e3-4403-8a0b-107e07279bb8/window/rect [39m[32m200[39m [90m9 ms - 50[39m
[35m[HTTP][39m [90m[39m
[35m[HTTP][39m [37m-->[39m [37mPOST[39m [37m/wd/hub/session/99f5180d-f7e3-4403-8a0b-107e07279bb8/elements[39m
[35m[HTTP][39m [90m{"using":"xpath","value":"//*[@class = 'android.widget.Button' and @resource-id = '' and (@text = '' or . = '')]"}[39m
[35m[HTTP][39m [37m<-- POST /wd/hub/session/99f5180d-f7e3-4403-8a0b-107e07279bb8/elements [39m[32m200[39m [90m53 ms - 139[39m
[35m[HTTP][39m [90m[39m
[35m[HTTP][39m [37m-->[39m [37mGET[39m [37m/wd/hub/session/99f5180d-f7e3-4403-8a0b-107e07279bb8/element/00000000-0000-0136-0000-005b00000003/location[39m
[35m[HTTP][39m [90m{}[39m
[35m[W3C (99f5180d)][39m Driver proxy active, passing request on via HTTP proxy
[35m[WD Proxy][39m Replacing sessionId 8ef0259a-b977-46b6-b8ff-2731503cb895 with 99f5180d-f7e3-4403-8a0b-107e07279bb8
[35m[HTTP][39m [37m<-- GET /wd/hub/session/99f5180d-f7e3-4403-8a0b-107e07279bb8/element/00000000-0000-0136-0000-005b00000003/location [39m[32m200[39m [90m14 ms - 78[39m
[35m[HTTP][39m [90m[39m
[35m[HTTP][39m [37m-->[39m [37mPOST[39m [37m/wd/hub/session/99f5180d-f7e3-4403-8a0b-107e07279bb8/element/00000000-0000-0136-0000-005b00000003/click[39m
[35m[HTTP][39m [90m{"id":"00000000-0000-0136-0000-005b00000003"}[39m
[35m[HTTP][39m [37m<-- POST /wd/hub/session/99f5180d-f7e3-4403-8a0b-107e07279bb8/element/00000000-0000-0136-0000-005b00000003/click [39m[32m200[39m [90m96 ms - 14[39m
[35m[HTTP][39m [90m[39m
[35m[HTTP][39m [37m-->[39m [37mGET[39m [37m/wd/hub/session/99f5180d-f7e3-4403-8a0b-107e07279bb8/source[39m
[35m[HTTP][39m [90m{}[39m
[35m[W3C (99f5180d)][39m Driver proxy active, passing request on via HTTP proxy
[35m[WD Proxy][39m Replacing sessionId 8ef0259a-b977-46b6-b8ff-2731503cb895 with 99f5180d-f7e3-4403-8a0b-107e07279bb8
[35m[HTTP][39m [37m<-- GET /wd/hub/session/99f5180d-f7e3-4403-8a0b-107e07279bb8/source [39m[32m200[39m [90m250 ms - 13676[39m
[35m[HTTP][39m [90m[39m
[35m[HTTP][39m [37m-->[39m [37mGET[39m [37m/wd/hub/session/99f5180d-f7e3-4403-8a0b-107e07279bb8/screenshot[39m
[35m[HTTP][39m [90m{}[39m
[35m[HTTP][39m [37m<-- GET /wd/hub/session/99f5180d-f7e3-4403-8a0b-107e07279bb8/screenshot [39m[32m200[39m [90m460 ms - 197106[39m
[35m[HTTP][39m [90m[39m
[35m[HTTP][39m [37m-->[39m [37mGET[39m [37m/wd/hub/session/99f5180d-f7e3-4403-8a0b-107e07279bb8/source[39m
[35m[HTTP][39m [90m{}[39m
[35m[W3C (99f5180d)][39m Driver proxy active, passing request on via HTTP proxy
[35m[WD Proxy][39m Replacing sessionId 8ef0259a-b977-46b6-b8ff-2731503cb895 with 99f5180d-f7e3-4403-8a0b-107e07279bb8
[35m[HTTP][39m [37m<-- GET /wd/hub/session/99f5180d-f7e3-4403-8a0b-107e07279bb8/source [39m[32m200[39m [90m77 ms - 12407[39m
[35m[HTTP][39m [90m[39m
[35m[HTTP][39m [37m-->[39m [37mGET[39m [37m/wd/hub/session/99f5180d-f7e3-4403-8a0b-107e07279bb8/screenshot[39m
[35m[HTTP][39m [90m{}[39m
[35m[HTTP][39m [37m<-- GET /wd/hub/session/99f5180d-f7e3-4403-8a0b-107e07279bb8/screenshot [39m[32m200[39m [90m454 ms - 125420[39m
[35m[HTTP][39m [90m[39m
[35m[HTTP][39m [37m-->[39m [37mPOST[39m [37m/wd/hub/session/99f5180d-f7e3-4403-8a0b-107e07279bb8/elements[39m
[35m[HTTP][39m [90m{"using":"xpath","value":"//*[@class = 'android.widget.EditText' and (@text = 'rilaa, Masukan nama' or . = 'rilaa, Masukan nama') and @resource-id = '']"}[39m
[35m[HTTP][39m [37m<-- POST /wd/hub/session/99f5180d-f7e3-4403-8a0b-107e07279bb8/elements [39m[32m200[39m [90m57 ms - 139[39m
[35m[HTTP][39m [90m[39m
[35m[HTTP][39m [37m-->[39m [37mGET[39m [37m/wd/hub/session/99f5180d-f7e3-4403-8a0b-107e07279bb8/window/rect[39m
[35m[HTTP][39m [90m{}[39m
[35m[HTTP][39m [37m<-- GET /wd/hub/session/99f5180d-f7e3-4403-8a0b-107e07279bb8/window/rect [39m[32m200[39m [90m13 ms - 50[39m
[35m[HTTP][39m [90m[39m
[35m[HTTP][39m [37m-->[39m [37mPOST[39m [37m/wd/hub/session/99f5180d-f7e3-4403-8a0b-107e07279bb8/elements[39m
[35m[HTTP][39m [90m{"using":"xpath","value":"//*[@class = 'android.widget.EditText' and (@text = 'rilaa, Masukan nama' or . = 'rilaa, Masukan nama') and @resource-id = '']"}[39m
[35m[HTTP][39m [37m<-- POST /wd/hub/session/99f5180d-f7e3-4403-8a0b-107e07279bb8/elements [39m[32m200[39m [90m75 ms - 139[39m
[35m[HTTP][39m [90m[39m
[35m[HTTP][39m [37m-->[39m [37mGET[39m [37m/wd/hub/session/99f5180d-f7e3-4403-8a0b-107e07279bb8/element/00000000-0000-0136-0000-007b00000003/location[39m
[35m[HTTP][39m [90m{}[39m
[35m[W3C (99f5180d)][39m Driver proxy active, passing request on via HTTP proxy
[35m[WD Proxy][39m Replacing sessionId 8ef0259a-b977-46b6-b8ff-2731503cb895 with 99f5180d-f7e3-4403-8a0b-107e07279bb8
[35m[HTTP][39m [37m<-- GET /wd/hub/session/99f5180d-f7e3-4403-8a0b-107e07279bb8/element/00000000-0000-0136-0000-007b00000003/location [39m[32m200[39m [90m20 ms - 77[39m
[35m[HTTP][39m [90m[39m
[35m[HTTP][39m [37m-->[39m [37mPOST[39m [37m/wd/hub/session/99f5180d-f7e3-4403-8a0b-107e07279bb8/element/00000000-0000-0136-0000-007b00000003/click[39m
[35m[HTTP][39m [90m{"id":"00000000-0000-0136-0000-007b00000003"}[39m
[35m[HTTP][39m [37m<-- POST /wd/hub/session/99f5180d-f7e3-4403-8a0b-107e07279bb8/element/00000000-0000-0136-0000-007b00000003/click [39m[32m200[39m [90m54 ms - 14[39m
[35m[HTTP][39m [90m[39m
[35m[HTTP][39m [37m-->[39m [37mGET[39m [37m/wd/hub/session/99f5180d-f7e3-4403-8a0b-107e07279bb8/source[39m
[35m[HTTP][39m [90m{}[39m
[35m[W3C (99f5180d)][39m Driver proxy active, passing request on via HTTP proxy
[35m[WD Proxy][39m Replacing sessionId 8ef0259a-b977-46b6-b8ff-2731503cb895 with 99f5180d-f7e3-4403-8a0b-107e07279bb8
[35m[HTTP][39m [37m<-- GET /wd/hub/session/99f5180d-f7e3-4403-8a0b-107e07279bb8/source [39m[32m200[39m [90m153 ms - 12405[39m
[35m[HTTP][39m [90m[39m
[35m[HTTP][39m [37m-->[39m [37mGET[39m [37m/wd/hub/session/99f5180d-f7e3-4403-8a0b-107e07279bb8/screenshot[39m
[35m[HTTP][39m [90m{}[39m
[35m[HTTP][39m [37m<-- GET /wd/hub/session/99f5180d-f7e3-4403-8a0b-107e07279bb8/screenshot [39m[32m200[39m [90m751 ms - 125202[39m
[35m[HTTP][39m [90m[39m
[35m[HTTP][39m [37m-->[39m [37mGET[39m [37m/wd/hub/session/99f5180d-f7e3-4403-8a0b-107e07279bb8/source[39m
[35m[HTTP][39m [90m{}[39m
[35m[W3C (99f5180d)][39m Driver proxy active, passing request on via HTTP proxy
[35m[WD Proxy][39m Replacing sessionId 8ef0259a-b977-46b6-b8ff-2731503cb895 with 99f5180d-f7e3-4403-8a0b-107e07279bb8
[35m[HTTP][39m [37m<-- GET /wd/hub/session/99f5180d-f7e3-4403-8a0b-107e07279bb8/source [39m[32m200[39m [90m37 ms - 10751[39m
[35m[HTTP][39m [90m[39m
[35m[HTTP][39m [37m-->[39m [37mGET[39m [37m/wd/hub/session/99f5180d-f7e3-4403-8a0b-107e07279bb8/screenshot[39m
[35m[HTTP][39m [90m{}[39m
[35m[HTTP][39m [37m<-- GET /wd/hub/session/99f5180d-f7e3-4403-8a0b-107e07279bb8/screenshot [39m[32m200[39m [90m360 ms - 191950[39m
[35m[HTTP][39m [90m[39m
[35m[HTTP][39m [37m-->[39m [37mPOST[39m [37m/wd/hub/session/99f5180d-f7e3-4403-8a0b-107e07279bb8/elements[39m
[35m[HTTP][39m [90m{"using":"xpath","value":"//*[@class = 'android.widget.EditText' and (@text = 'rilaa, Masukan nama' or . = 'rilaa, Masukan nama') and @resource-id = '']"}[39m
[35m[HTTP][39m [37m<-- POST /wd/hub/session/99f5180d-f7e3-4403-8a0b-107e07279bb8/elements [39m[32m200[39m [90m57 ms - 139[39m
[35m[HTTP][39m [90m[39m
[35m[HTTP][39m [37m-->[39m [37mGET[39m [37m/wd/hub/session/99f5180d-f7e3-4403-8a0b-107e07279bb8/window/rect[39m
[35m[HTTP][39m [90m{}[39m
[35m[HTTP][39m [37m<-- GET /wd/hub/session/99f5180d-f7e3-4403-8a0b-107e07279bb8/window/rect [39m[32m200[39m [90m9 ms - 50[39m
[35m[HTTP][39m [90m[39m
[35m[HTTP][39m [37m-->[39m [37mPOST[39m [37m/wd/hub/session/99f5180d-f7e3-4403-8a0b-107e07279bb8/elements[39m
[35m[HTTP][39m [90m{"using":"xpath","value":"//*[@class = 'android.widget.EditText' and (@text = 'rilaa, Masukan nama' or . = 'rilaa, Masukan nama') and @resource-id = '']"}[39m
[35m[HTTP][39m [37m<-- POST /wd/hub/session/99f5180d-f7e3-4403-8a0b-107e07279bb8/elements [39m[32m200[39m [90m66 ms - 139[39m
[35m[HTTP][39m [90m[39m
[35m[HTTP][39m [37m-->[39m [37mGET[39m [37m/wd/hub/session/99f5180d-f7e3-4403-8a0b-107e07279bb8/element/00000000-0000-0136-0000-007b00000003/location[39m
[35m[HTTP][39m [90m{}[39m
[35m[W3C (99f5180d)][39m Driver proxy active, passing request on via HTTP proxy
[35m[WD Proxy][39m Replacing sessionId 8ef0259a-b977-46b6-b8ff-2731503cb895 with 99f5180d-f7e3-4403-8a0b-107e07279bb8
[35m[HTTP][39m [37m<-- GET /wd/hub/session/99f5180d-f7e3-4403-8a0b-107e07279bb8/element/00000000-0000-0136-0000-007b00000003/location [39m[32m200[39m [90m12 ms - 77[39m
[35m[HTTP][39m [90m[39m
[35m[HTTP][39m [37m-->[39m [37mPOST[39m [37m/wd/hub/session/99f5180d-f7e3-4403-8a0b-107e07279bb8/element/00000000-0000-0136-0000-007b00000003/clear[39m
[35m[HTTP][39m [90m{"id":"00000000-0000-0136-0000-007b00000003"}[39m
[35m[HTTP][39m [37m<-- POST /wd/hub/session/99f5180d-f7e3-4403-8a0b-107e07279bb8/element/00000000-0000-0136-0000-007b00000003/clear [39m[32m200[39m [90m24 ms - 14[39m
[35m[HTTP][39m [90m[39m
[35m[HTTP][39m [37m-->[39m [37mPOST[39m [37m/wd/hub/session/99f5180d-f7e3-4403-8a0b-107e07279bb8/element/00000000-0000-0136-0000-007b00000003/value[39m
[35m[HTTP][39m [90m{"id":"00000000-0000-0136-0000-007b00000003","text":"rilaa","value":["r","i","l","a","a"]}[39m
[35m[HTTP][39m [37m<-- POST /wd/hub/session/99f5180d-f7e3-4403-8a0b-107e07279bb8/element/00000000-0000-0136-0000-007b00000003/value [39m[32m200[39m [90m48 ms - 14[39m
[35m[HTTP][39m [90m[39m
[35m[HTTP][39m [37m-->[39m [37mGET[39m [37m/wd/hub/session/99f5180d-f7e3-4403-8a0b-107e07279bb8/source[39m
[35m[HTTP][39m [90m{}[39m
[35m[W3C (99f5180d)][39m Driver proxy active, passing request on via HTTP proxy
[35m[WD Proxy][39m Replacing sessionId 8ef0259a-b977-46b6-b8ff-2731503cb895 with 99f5180d-f7e3-4403-8a0b-107e07279bb8
[35m[HTTP][39m [37m<-- GET /wd/hub/session/99f5180d-f7e3-4403-8a0b-107e07279bb8/source [39m[32m200[39m [90m393 ms - 10751[39m
[35m[HTTP][39m [90m[39m
[35m[HTTP][39m [37m-->[39m [37mGET[39m [37m/wd/hub/session/99f5180d-f7e3-4403-8a0b-107e07279bb8/screenshot[39m
[35m[HTTP][39m [90m{}[39m
[35m[HTTP][39m [37m<-- GET /wd/hub/session/99f5180d-f7e3-4403-8a0b-107e07279bb8/screenshot [39m[32m200[39m [90m357 ms - 191654[39m
[35m[HTTP][39m [90m[39m
[35m[HTTP][39m [37m-->[39m [37mGET[39m [37m/wd/hub/session/99f5180d-f7e3-4403-8a0b-107e07279bb8/source[39m
[35m[HTTP][39m [90m{}[39m
[35m[W3C (99f5180d)][39m Driver proxy active, passing request on via HTTP proxy
[35m[WD Proxy][39m Replacing sessionId 8ef0259a-b977-46b6-b8ff-2731503cb895 with 99f5180d-f7e3-4403-8a0b-107e07279bb8
[35m[HTTP][39m [37m<-- GET /wd/hub/session/99f5180d-f7e3-4403-8a0b-107e07279bb8/source [39m[32m200[39m [90m51 ms - 10751[39m
[35m[HTTP][39m [90m[39m
[35m[HTTP][39m [37m-->[39m [37mGET[39m [37m/wd/hub/session/99f5180d-f7e3-4403-8a0b-107e07279bb8/screenshot[39m
[35m[HTTP][39m [90m{}[39m
[35m[HTTP][39m [37m<-- GET /wd/hub/session/99f5180d-f7e3-4403-8a0b-107e07279bb8/screenshot [39m[32m200[39m [90m359 ms - 191654[39m
[35m[HTTP][39m [90m[39m
[35m[HTTP][39m [37m-->[39m [37mPOST[39m [37m/wd/hub/session/99f5180d-f7e3-4403-8a0b-107e07279bb8/elements[39m
[35m[HTTP][39m [90m{"using":"xpath","value":"//*[@class = 'android.widget.EditText' and (@text = '+6281234567890, 08**********' or . = '+6281234567890, 08**********') and @resource-id = '']"}[39m
[35m[HTTP][39m [37m<-- POST /wd/hub/session/99f5180d-f7e3-4403-8a0b-107e07279bb8/elements [39m[32m200[39m [90m91 ms - 139[39m
[35m[HTTP][39m [90m[39m
[35m[HTTP][39m [37m-->[39m [37mGET[39m [37m/wd/hub/session/99f5180d-f7e3-4403-8a0b-107e07279bb8/window/rect[39m
[35m[HTTP][39m [90m{}[39m
[35m[HTTP][39m [37m<-- GET /wd/hub/session/99f5180d-f7e3-4403-8a0b-107e07279bb8/window/rect [39m[32m200[39m [90m10 ms - 50[39m
[35m[HTTP][39m [90m[39m
[35m[HTTP][39m [37m-->[39m [37mPOST[39m [37m/wd/hub/session/99f5180d-f7e3-4403-8a0b-107e07279bb8/elements[39m
[35m[HTTP][39m [90m{"using":"xpath","value":"//*[@class = 'android.widget.EditText' and (@text = '+6281234567890, 08**********' or . = '+6281234567890, 08**********') and @resource-id = '']"}[39m
[35m[HTTP][39m [37m<-- POST /wd/hub/session/99f5180d-f7e3-4403-8a0b-107e07279bb8/elements [39m[32m200[39m [90m56 ms - 139[39m
[35m[HTTP][39m [90m[39m
[35m[HTTP][39m [37m-->[39m [37mGET[39m [37m/wd/hub/session/99f5180d-f7e3-4403-8a0b-107e07279bb8/element/00000000-0000-0136-0000-008100000003/location[39m
[35m[HTTP][39m [90m{}[39m
[35m[W3C (99f5180d)][39m Driver proxy active, passing request on via HTTP proxy
[35m[WD Proxy][39m Replacing sessionId 8ef0259a-b977-46b6-b8ff-2731503cb895 with 99f5180d-f7e3-4403-8a0b-107e07279bb8
[35m[HTTP][39m [37m<-- GET /wd/hub/session/99f5180d-f7e3-4403-8a0b-107e07279bb8/element/00000000-0000-0136-0000-008100000003/location [39m[32m200[39m [90m14 ms - 78[39m
[35m[HTTP][39m [90m[39m
[35m[HTTP][39m [37m-->[39m [37mPOST[39m [37m/wd/hub/session/99f5180d-f7e3-4403-8a0b-107e07279bb8/element/00000000-0000-0136-0000-008100000003/click[39m
[35m[HTTP][39m [90m{"id":"00000000-0000-0136-0000-008100000003"}[39m
[35m[HTTP][39m [37m<-- POST /wd/hub/session/99f5180d-f7e3-4403-8a0b-107e07279bb8/element/00000000-0000-0136-0000-008100000003/click [39m[32m200[39m [90m43 ms - 14[39m
[35m[HTTP][39m [90m[39m
[35m[HTTP][39m [37m-->[39m [37mGET[39m [37m/wd/hub/session/99f5180d-f7e3-4403-8a0b-107e07279bb8/source[39m
[35m[HTTP][39m [90m{}[39m
[35m[W3C (99f5180d)][39m Driver proxy active, passing request on via HTTP proxy
[35m[WD Proxy][39m Replacing sessionId 8ef0259a-b977-46b6-b8ff-2731503cb895 with 99f5180d-f7e3-4403-8a0b-107e07279bb8
[35m[HTTP][39m [37m<-- GET /wd/hub/session/99f5180d-f7e3-4403-8a0b-107e07279bb8/source [39m[32m200[39m [90m287 ms - 11584[39m
[35m[HTTP][39m [90m[39m
[35m[HTTP][39m [37m-->[39m [37mGET[39m [37m/wd/hub/session/99f5180d-f7e3-4403-8a0b-107e07279bb8/screenshot[39m
[35m[HTTP][39m [90m{}[39m
[35m[HTTP][39m [37m<-- GET /wd/hub/session/99f5180d-f7e3-4403-8a0b-107e07279bb8/screenshot [39m[32m200[39m [90m269 ms - 156382[39m
[35m[HTTP][39m [90m[39m
[35m[HTTP][39m [37m-->[39m [37mGET[39m [37m/wd/hub/session/99f5180d-f7e3-4403-8a0b-107e07279bb8/source[39m
[35m[HTTP][39m [90m{}[39m
[35m[W3C (99f5180d)][39m Driver proxy active, passing request on via HTTP proxy
[35m[WD Proxy][39m Replacing sessionId 8ef0259a-b977-46b6-b8ff-2731503cb895 with 99f5180d-f7e3-4403-8a0b-107e07279bb8
[35m[HTTP][39m [37m<-- GET /wd/hub/session/99f5180d-f7e3-4403-8a0b-107e07279bb8/source [39m[32m200[39m [90m30 ms - 11584[39m
[35m[HTTP][39m [90m[39m
[35m[HTTP][39m [37m-->[39m [37mGET[39m [37m/wd/hub/session/99f5180d-f7e3-4403-8a0b-107e07279bb8/screenshot[39m
[35m[HTTP][39m [90m{}[39m
[35m[HTTP][39m [37m<-- GET /wd/hub/session/99f5180d-f7e3-4403-8a0b-107e07279bb8/screenshot [39m[32m200[39m [90m263 ms - 156436[39m
[35m[HTTP][39m [90m[39m
[35m[HTTP][39m [37m-->[39m [37mPOST[39m [37m/wd/hub/session/99f5180d-f7e3-4403-8a0b-107e07279bb8/elements[39m
[35m[HTTP][39m [90m{"using":"xpath","value":"//*[@class = 'android.widget.EditText' and (@text = '+6281234567890, 08**********' or . = '+6281234567890, 08**********') and @resource-id = '']"}[39m
[35m[HTTP][39m [37m<-- POST /wd/hub/session/99f5180d-f7e3-4403-8a0b-107e07279bb8/elements [39m[32m200[39m [90m33 ms - 139[39m
[35m[HTTP][39m [90m[39m
[35m[HTTP][39m [37m-->[39m [37mGET[39m [37m/wd/hub/session/99f5180d-f7e3-4403-8a0b-107e07279bb8/window/rect[39m
[35m[HTTP][39m [90m{}[39m
[35m[HTTP][39m [37m<-- GET /wd/hub/session/99f5180d-f7e3-4403-8a0b-107e07279bb8/window/rect [39m[32m200[39m [90m8 ms - 50[39m
[35m[HTTP][39m [90m[39m
[35m[HTTP][39m [37m-->[39m [37mPOST[39m [37m/wd/hub/session/99f5180d-f7e3-4403-8a0b-107e07279bb8/elements[39m
[35m[HTTP][39m [90m{"using":"xpath","value":"//*[@class = 'android.widget.EditText' and (@text = '+6281234567890, 08**********' or . = '+6281234567890, 08**********') and @resource-id = '']"}[39m
[35m[HTTP][39m [37m<-- POST /wd/hub/session/99f5180d-f7e3-4403-8a0b-107e07279bb8/elements [39m[32m200[39m [90m44 ms - 139[39m
[35m[HTTP][39m [90m[39m
[35m[HTTP][39m [37m-->[39m [37mGET[39m [37m/wd/hub/session/99f5180d-f7e3-4403-8a0b-107e07279bb8/element/00000000-0000-0136-0000-008100000003/location[39m
[35m[HTTP][39m [90m{}[39m
[35m[W3C (99f5180d)][39m Driver proxy active, passing request on via HTTP proxy
[35m[WD Proxy][39m Replacing sessionId 8ef0259a-b977-46b6-b8ff-2731503cb895 with 99f5180d-f7e3-4403-8a0b-107e07279bb8
[35m[HTTP][39m [37m<-- GET /wd/hub/session/99f5180d-f7e3-4403-8a0b-107e07279bb8/element/00000000-0000-0136-0000-008100000003/location [39m[32m200[39m [90m12 ms - 78[39m
[35m[HTTP][39m [90m[39m
[35m[HTTP][39m [37m-->[39m [37mPOST[39m [37m/wd/hub/session/99f5180d-f7e3-4403-8a0b-107e07279bb8/element/00000000-0000-0136-0000-008100000003/clear[39m
[35m[HTTP][39m [90m{"id":"00000000-0000-0136-0000-008100000003"}[39m
[35m[HTTP][39m [37m<-- POST /wd/hub/session/99f5180d-f7e3-4403-8a0b-107e07279bb8/element/00000000-0000-0136-0000-008100000003/clear [39m[32m200[39m [90m24 ms - 14[39m
[35m[HTTP][39m [90m[39m
[35m[HTTP][39m [37m-->[39m [37mPOST[39m [37m/wd/hub/session/99f5180d-f7e3-4403-8a0b-107e07279bb8/element/00000000-0000-0136-0000-008100000003/value[39m
[35m[HTTP][39m [90m{"id":"00000000-0000-0136-0000-008100000003","text":"+6281234567890","value":["+","6","2","8","1","2","3","4","5","6","7","8","9","0"]}[39m
[35m[HTTP][39m [37m<-- POST /wd/hub/session/99f5180d-f7e3-4403-8a0b-107e07279bb8/element/00000000-0000-0136-0000-008100000003/value [39m[32m200[39m [90m34 ms - 14[39m
[35m[HTTP][39m [90m[39m
[35m[HTTP][39m [37m-->[39m [37mGET[39m [37m/wd/hub/session/99f5180d-f7e3-4403-8a0b-107e07279bb8/source[39m
[35m[HTTP][39m [90m{}[39m
[35m[W3C (99f5180d)][39m Driver proxy active, passing request on via HTTP proxy
[35m[WD Proxy][39m Replacing sessionId 8ef0259a-b977-46b6-b8ff-2731503cb895 with 99f5180d-f7e3-4403-8a0b-107e07279bb8
[35m[HTTP][39m [37m<-- GET /wd/hub/session/99f5180d-f7e3-4403-8a0b-107e07279bb8/source [39m[32m200[39m [90m38 ms - 11584[39m
[35m[HTTP][39m [90m[39m
[35m[HTTP][39m [37m-->[39m [37mGET[39m [37m/wd/hub/session/99f5180d-f7e3-4403-8a0b-107e07279bb8/screenshot[39m
[35m[HTTP][39m [90m{}[39m
[35m[HTTP][39m [37m<-- GET /wd/hub/session/99f5180d-f7e3-4403-8a0b-107e07279bb8/screenshot [39m[32m200[39m [90m388 ms - 155082[39m
[35m[HTTP][39m [90m[39m
[35m[HTTP][39m [37m-->[39m [37mGET[39m [37m/wd/hub/session/99f5180d-f7e3-4403-8a0b-107e07279bb8/source[39m
[35m[HTTP][39m [90m{}[39m
[35m[W3C (99f5180d)][39m Driver proxy active, passing request on via HTTP proxy
[35m[WD Proxy][39m Replacing sessionId 8ef0259a-b977-46b6-b8ff-2731503cb895 with 99f5180d-f7e3-4403-8a0b-107e07279bb8
[35m[HTTP][39m [37m<-- GET /wd/hub/session/99f5180d-f7e3-4403-8a0b-107e07279bb8/source [39m[32m200[39m [90m37 ms - 12405[39m
[35m[HTTP][39m [90m[39m
[35m[HTTP][39m [37m-->[39m [37mGET[39m [37m/wd/hub/session/99f5180d-f7e3-4403-8a0b-107e07279bb8/screenshot[39m
[35m[HTTP][39m [90m{}[39m
[35m[HTTP][39m [37m<-- GET /wd/hub/session/99f5180d-f7e3-4403-8a0b-107e07279bb8/screenshot [39m[32m200[39m [90m288 ms - 124222[39m
[35m[HTTP][39m [90m[39m
[35m[HTTP][39m [37m-->[39m [37mPOST[39m [37m/wd/hub/session/99f5180d-f7e3-4403-8a0b-107e07279bb8/elements[39m
[35m[HTTP][39m [90m{"using":"xpath","value":"//*[@class = 'android.view.View' and @resource-id = '' and (@text = '' or . = '')]"}[39m
[35m[HTTP][39m [37m<-- POST /wd/hub/session/99f5180d-f7e3-4403-8a0b-107e07279bb8/elements [39m[32m200[39m [90m54 ms - 2699[39m
[35m[HTTP][39m [90m[39m
[35m[HTTP][39m [37m-->[39m [37mPOST[39m [37m/wd/hub/session/99f5180d-f7e3-4403-8a0b-107e07279bb8/elements[39m
[35m[HTTP][39m [90m{"using":"accessibility id","value":"SIMPAN"}[39m
[35m[HTTP][39m [37m<-- POST /wd/hub/session/99f5180d-f7e3-4403-8a0b-107e07279bb8/elements [39m[32m200[39m [90m25 ms - 139[39m
[35m[HTTP][39m [90m[39m
[35m[HTTP][39m [37m-->[39m [37mGET[39m [37m/wd/hub/session/99f5180d-f7e3-4403-8a0b-107e07279bb8/window/rect[39m
[35m[HTTP][39m [90m{}[39m
[35m[HTTP][39m [37m<-- GET /wd/hub/session/99f5180d-f7e3-4403-8a0b-107e07279bb8/window/rect [39m[32m200[39m [90m10 ms - 50[39m
[35m[HTTP][39m [90m[39m
[35m[HTTP][39m [37m-->[39m [37mPOST[39m [37m/wd/hub/session/99f5180d-f7e3-4403-8a0b-107e07279bb8/elements[39m
[35m[HTTP][39m [90m{"using":"accessibility id","value":"SIMPAN"}[39m
[35m[HTTP][39m [37m<-- POST /wd/hub/session/99f5180d-f7e3-4403-8a0b-107e07279bb8/elements [39m[32m200[39m [90m13 ms - 139[39m
[35m[HTTP][39m [90m[39m
[35m[HTTP][39m [37m-->[39m [37mGET[39m [37m/wd/hub/session/99f5180d-f7e3-4403-8a0b-107e07279bb8/element/00000000-0000-0136-0000-008a00000003/location[39m
[35m[HTTP][39m [90m{}[39m
[35m[W3C (99f5180d)][39m Driver proxy active, passing request on via HTTP proxy
[35m[WD Proxy][39m Replacing sessionId 8ef0259a-b977-46b6-b8ff-2731503cb895 with 99f5180d-f7e3-4403-8a0b-107e07279bb8
[35m[HTTP][39m [37m<-- GET /wd/hub/session/99f5180d-f7e3-4403-8a0b-107e07279bb8/element/00000000-0000-0136-0000-008a00000003/location [39m[32m200[39m [90m12 ms - 78[39m
[35m[HTTP][39m [90m[39m
[35m[HTTP][39m [37m-->[39m [37mPOST[39m [37m/wd/hub/session/99f5180d-f7e3-4403-8a0b-107e07279bb8/element/00000000-0000-0136-0000-008a00000003/click[39m
[35m[HTTP][39m [90m{"id":"00000000-0000-0136-0000-008a00000003"}[39m
[35m[HTTP][39m [37m<-- POST /wd/hub/session/99f5180d-f7e3-4403-8a0b-107e07279bb8/element/00000000-0000-0136-0000-008a00000003/click [39m[32m200[39m [90m681 ms - 14[39m
[35m[HTTP][39m [90m[39m
[35m[HTTP][39m [37m-->[39m [37mGET[39m [37m/wd/hub/session/99f5180d-f7e3-4403-8a0b-107e07279bb8/source[39m
[35m[HTTP][39m [90m{}[39m
[35m[W3C (99f5180d)][39m Driver proxy active, passing request on via HTTP proxy
[35m[WD Proxy][39m Replacing sessionId 8ef0259a-b977-46b6-b8ff-2731503cb895 with 99f5180d-f7e3-4403-8a0b-107e07279bb8
[35m[HTTP][39m [37m<-- GET /wd/hub/session/99f5180d-f7e3-4403-8a0b-107e07279bb8/source [39m[32m200[39m [90m35 ms - 11986[39m
[35m[HTTP][39m [90m[39m
[35m[HTTP][39m [37m-->[39m [37mGET[39m [37m/wd/hub/session/99f5180d-f7e3-4403-8a0b-107e07279bb8/screenshot[39m
[35m[HTTP][39m [90m{}[39m
[35m[HTTP][39m [37m<-- GET /wd/hub/session/99f5180d-f7e3-4403-8a0b-107e07279bb8/screenshot [39m[32m200[39m [90m509 ms - 121032[39m
[35m[HTTP][39m [90m[39m
[35m[HTTP][39m [37m-->[39m [37mDELETE[39m [37m/wd/hub/session/99f5180d-f7e3-4403-8a0b-107e07279bb8[39m
[35m[HTTP][39m [90m{}[39m
[35m[Appium][39m Removing session 99f5180d-f7e3-4403-8a0b-107e07279bb8 from our master session list
[35m[UiAutomator2][39m Restoring hidden api policy to the device default configuration
[35m[HTTP][39m [37m<-- DELETE /wd/hub/session/99f5180d-f7e3-4403-8a0b-107e07279bb8 [39m[32m200[39m [90m645 ms - 14[39m
[35m[HTTP][39m [90m[39m
